<?xml version="1.0" encoding="UTF-8"?>
<testsuite xmlns:xsi="http://www.w3.org/2001/XMLSchema-instance" xsi:noNamespaceSchemaLocation="https://maven.apache.org/surefire/maven-surefire-plugin/xsd/surefire-test-report.xsd" version="3.0.2" name="es.udc.fic.xpn.example.dao.ProductDAOTest" time="7.687" tests="1" errors="1" skipped="0" failures="0">
  <properties>
[...]
</properties>
  <testcase name="save" classname="es.udc.fic.xpn.example.dao.ProductDAOTest" time="1.616">
    <error message="PreparedStatementCallback; bad SQL grammar [INSERT INTO product (sku, name, tipo, almacen, proveedor, stock, maxStock, minStock) VALUES (?, ?, ?, ?, ?, ?, ?, ?)]" type="org.springframework.jdbc.BadSqlGrammarException"><![CDATA[org.springframework.jdbc.BadSqlGrammarException: PreparedStatementCallback; bad SQL grammar [INSERT INTO product (sku, name, tipo, almacen, proveedor, stock, maxStock, minStock) VALUES (?, ?, ?, ?, ?, ?, ?, ?)]
	at org.springframework.jdbc.support.SQLStateSQLExceptionTranslator.doTranslate(SQLStateSQLExceptionTranslator.java:112)
	at org.springframework.jdbc.support.AbstractFallbackSQLExceptionTranslator.translate(AbstractFallbackSQLExceptionTranslator.java:107)
	at org.springframework.jdbc.support.AbstractFallbackSQLExceptionTranslator.translate(AbstractFallbackSQLExceptionTranslator.java:116)
	at org.springframework.jdbc.core.JdbcTemplate.translateException(JdbcTemplate.java:1556)
	at org.springframework.jdbc.core.JdbcTemplate.execute(JdbcTemplate.java:677)
	at org.springframework.jdbc.core.JdbcTemplate.update(JdbcTemplate.java:1003)
	at org.springframework.jdbc.core.namedparam.NamedParameterJdbcTemplate.update(NamedParameterJdbcTemplate.java:365)
	at es.udc.fic.xpn.example.dao.ProductDAOImpl.save(ProductDAOImpl.java:35)
	at es.udc.fic.xpn.example.dao.ProductDAOTest.save(ProductDAOTest.java:21)
	at java.base/java.lang.reflect.Method.invoke(Method.java:580)
	at java.base/java.util.ArrayList.forEach(ArrayList.java:1596)
	at java.base/java.util.ArrayList.forEach(ArrayList.java:1596)
Caused by: org.postgresql.util.PSQLException: ERROR: no existe la columna «sku» en la relación «product»
  Position: 22
	at org.postgresql.core.v3.QueryExecutorImpl.receiveErrorResponse(QueryExecutorImpl.java:2733)
	at org.postgresql.core.v3.QueryExecutorImpl.processResults(QueryExecutorImpl.java:2420)
	at org.postgresql.core.v3.QueryExecutorImpl.execute(QueryExecutorImpl.java:372)
	at org.postgresql.jdbc.PgStatement.executeInternal(PgStatement.java:517)
	at org.postgresql.jdbc.PgStatement.execute(PgStatement.java:434)
	at org.postgresql.jdbc.PgPreparedStatement.executeWithFlags(PgPreparedStatement.java:194)
	at org.postgresql.jdbc.PgPreparedStatement.executeUpdate(PgPreparedStatement.java:155)
	at com.zaxxer.hikari.pool.ProxyPreparedStatement.executeUpdate(ProxyPreparedStatement.java:61)
	at com.zaxxer.hikari.pool.HikariProxyPreparedStatement.executeUpdate(HikariProxyPreparedStatement.java)
	at org.springframework.jdbc.core.JdbcTemplate.lambda$update$3(JdbcTemplate.java:1004)
	at org.springframework.jdbc.core.JdbcTemplate.execute(JdbcTemplate.java:658)
	... 7 more
]]></error>
    <system-out><![CDATA[22:23:06.762 [main] INFO org.springframework.test.context.support.AnnotationConfigContextLoaderUtils -- Could not detect default configuration classes for test class [es.udc.fic.xpn.example.dao.ProductDAOTest]: ProductDAOTest does not declare any static, non-private, non-final, nested classes annotated with @Configuration.
22:23:06.951 [main] INFO org.springframework.boot.test.context.SpringBootTestContextBootstrapper -- Found @SpringBootConfiguration es.udc.fic.xpn.example.Application for test class es.udc.fic.xpn.example.dao.ProductDAOTest

  .   ____          _            __ _ _
 /\\ / ___'_ __ _ _(_)_ __  __ _ \ \ \ \
( ( )\___ | '_ | '_| | '_ \/ _` | \ \ \ \
 \\/  ___)| |_)| | | | | || (_| |  ) ) ) )
  '  |____| .__|_| |_|_| |_\__, | / / / /
 =========|_|==============|___/=/_/_/_/

 :: Spring Boot ::                (v3.4.3)

2025-04-17T22:23:07.796+02:00  INFO 19308 --- [example] [           main] e.u.fic.xpn.example.dao.ProductDAOTest   : Starting ProductDAOTest using Java 21.0.4 with PID 19308 (started by Andrea in C:\Users\Andrea\XPN-P2\XPN-Base-App)
2025-04-17T22:23:07.799+02:00  INFO 19308 --- [example] [           main] e.u.fic.xpn.example.dao.ProductDAOTest   : No active profile set, falling back to 1 default profile: "default"
2025-04-17T22:23:12.509+02:00  INFO 19308 --- [example] [           main] e.u.fic.xpn.example.dao.ProductDAOTest   : Started ProductDAOTest in 5.259 seconds (process running for 6.92)
2025-04-17T22:23:13.747+02:00  INFO 19308 --- [example] [           main] com.zaxxer.hikari.HikariDataSource       : HikariPool-1 - Starting...
2025-04-17T22:23:14.123+02:00  INFO 19308 --- [example] [           main] com.zaxxer.hikari.pool.HikariPool        : HikariPool-1 - Added connection org.postgresql.jdbc.PgConnection@2d230cff
2025-04-17T22:23:14.123+02:00  INFO 19308 --- [example] [           main] com.zaxxer.hikari.HikariDataSource       : HikariPool-1 - Start completed.
]]></system-out>
    <system-err><![CDATA[Mockito is currently self-attaching to enable the inline-mock-maker. This will no longer work in future releases of the JDK. Please add Mockito as an agent to your build what is described in Mockito's documentation: https://javadoc.io/doc/org.mockito/mockito-core/latest/org/mockito/Mockito.html#0.3
WARNING: A Java agent has been loaded dynamically (C:\Users\Andrea\.m2\repository\net\bytebuddy\byte-buddy-agent\1.15.11\byte-buddy-agent-1.15.11.jar)
WARNING: If a serviceability tool is in use, please run with -XX:+EnableDynamicAgentLoading to hide this warning
WARNING: If a serviceability tool is not in use, please run with -Djdk.instrument.traceUsage for more information
WARNING: Dynamic loading of agents will be disallowed by default in a future release
]]></system-err>
  </testcase>
</testsuite>