<?xml version="1.0" encoding="UTF-8"?>
<testsuite xmlns:xsi="http://www.w3.org/2001/XMLSchema-instance" xsi:noNamespaceSchemaLocation="https://maven.apache.org/surefire/maven-surefire-plugin/xsd/surefire-test-report.xsd" version="3.0.2" name="es.udc.fic.xpn.app.dao.TestAlmacenDAO" time="0.655" tests="4" errors="0" skipped="0" failures="0">
  <properties>
[...]
</properties>
  <testcase name="testFind_NonExistentAlmacen" classname="es.udc.fic.xpn.app.dao.TestAlmacenDAO" time="0.533">
    <system-out><![CDATA[2025-05-04T17:51:09.473+02:00 DEBUG 30700 --- [app] [           main] .b.t.c.SpringBootTestContextBootstrapper : Neither @ContextConfiguration nor @ContextHierarchy found for test class [TestAlmacenDAO]: using SpringBootContextLoader
2025-05-04T17:51:09.473+02:00 DEBUG 30700 --- [app] [           main] o.s.t.c.support.AbstractContextLoader    : Could not detect default resource locations for test class [es.udc.fic.xpn.app.dao.TestAlmacenDAO]: no resource found for suffixes {-context.xml, Context.groovy}.
2025-05-04T17:51:09.473+02:00  INFO 30700 --- [app] [           main] t.c.s.AnnotationConfigContextLoaderUtils : Could not detect default configuration classes for test class [es.udc.fic.xpn.app.dao.TestAlmacenDAO]: TestAlmacenDAO does not declare any static, non-private, non-final, nested classes annotated with @Configuration.
2025-05-04T17:51:09.475+02:00 DEBUG 30700 --- [app] [           main] .b.t.c.SpringBootTestContextBootstrapper : Using ContextCustomizerFactory implementations for test class [TestAlmacenDAO]: [ImportsContextCustomizerFactory, ExcludeFilterContextCustomizerFactory, HttpGraphQlTesterContextCustomizerFactory, DuplicateJsonObjectContextCustomizerFactory, MockitoContextCustomizerFactory, TestRestTemplateContextCustomizerFactory, WebTestClientContextCustomizerFactory, DisableReactorResourceFactoryGlobalResourcesContextCustomizerFactory, OnFailureConditionReportContextCustomizerFactory, OverrideAutoConfigurationContextCustomizerFactory, ObservabilityContextCustomizerFactory, TypeExcludeFiltersContextCustomizerFactory, PropertyMappingContextCustomizerFactory, WebDriverContextCustomizerFactory, BeanOverrideContextCustomizerFactory, MockServerContainerContextCustomizerFactory, DynamicPropertiesContextCustomizerFactory]
2025-05-04T17:51:09.478+02:00 DEBUG 30700 --- [app] [           main] .b.t.c.SpringBootTestContextBootstrapper : Using ContextCustomizers for test class [TestAlmacenDAO]: [ExcludeFilterContextCustomizer, DuplicateJsonObjectContextCustomizer, MockitoContextCustomizer, TestRestTemplateContextCustomizer, DisableReactorResourceFactoryGlobalResourcesContextCustomizerCustomizer, OnFailureConditionReportContextCustomizer, DisableObservabilityContextCustomizer, PropertyMappingContextCustomizer, WebDriverContextCustomizer, DynamicPropertiesContextCustomizer]
2025-05-04T17:51:09.502+02:00 DEBUG 30700 --- [app] [           main] ssPathScanningCandidateComponentProvider : Identified candidate component class: file [C:\Users\Andrea\XPN-P2\XPN_P2\target\classes\es\udc\fic\xpn\app\Application.class]
2025-05-04T17:51:09.502+02:00  INFO 30700 --- [app] [           main] .b.t.c.SpringBootTestContextBootstrapper : Found @SpringBootConfiguration es.udc.fic.xpn.app.Application for test class es.udc.fic.xpn.app.dao.TestAlmacenDAO
2025-05-04T17:51:09.510+02:00 DEBUG 30700 --- [app] [           main] .s.t.c.u.TestContextSpringFactoriesUtils : Skipping candidate TestExecutionListener [org.springframework.test.context.observation.MicrometerObservationRegistryTestExecutionListener] due to a missing dependency. Specify custom TestExecutionListener classes or make the default TestExecutionListener classes and their required dependencies available. Offending class: io.micrometer.context.ThreadLocalAccessor. MicrometerObservationRegistryTestExecutionListener requires io.micrometer:micrometer-observation:1.10.8 or higher and io.micrometer:context-propagation:1.0.3 or higher.
2025-05-04T17:51:09.512+02:00 DEBUG 30700 --- [app] [           main] .b.t.c.SpringBootTestContextBootstrapper : Using TestExecutionListeners for test class [TestAlmacenDAO]: [ServletTestExecutionListener, DirtiesContextBeforeModesTestExecutionListener, ApplicationEventsTestExecutionListener, MockitoTestExecutionListener, BeanOverrideTestExecutionListener, DependencyInjectionTestExecutionListener, DirtiesContextTestExecutionListener, CommonCachesTestExecutionListener, TransactionalTestExecutionListener, SqlScriptsTestExecutionListener, EventPublishingTestExecutionListener, ResetMocksTestExecutionListener, RestDocsTestExecutionListener, MockRestServiceServerResetTestExecutionListener, MockMvcPrintOnlyOnFailureTestExecutionListener, WebDriverTestExecutionListener, MockWebServiceServerTestExecutionListener, MockitoResetTestExecutionListener]
2025-05-04T17:51:09.512+02:00 DEBUG 30700 --- [app] [           main] sContextBeforeModesTestExecutionListener : Before test class: class [TestAlmacenDAO], class annotated with @DirtiesContext [false] with mode [null]
2025-05-04T17:51:09.512+02:00 DEBUG 30700 --- [app] [           main] org.springframework.test.context.cache   : Spring test ApplicationContext cache statistics: [DefaultContextCache@798cf6d2 size = 1, maxSize = 32, parentContextCount = 0, hitCount = 16, missCount = 1, failureCount = 0]
2025-05-04T17:51:09.512+02:00 DEBUG 30700 --- [app] [           main] org.springframework.test.context.cache   : Spring test ApplicationContext cache statistics: [DefaultContextCache@798cf6d2 size = 1, maxSize = 32, parentContextCount = 0, hitCount = 17, missCount = 1, failureCount = 0]
2025-05-04T17:51:09.512+02:00 DEBUG 30700 --- [app] [           main] o.s.t.c.w.ServletTestExecutionListener   : Setting up MockHttpServletRequest, MockHttpServletResponse, ServletWebRequest, and RequestContextHolder for test class es.udc.fic.xpn.app.dao.TestAlmacenDAO
2025-05-04T17:51:09.512+02:00 DEBUG 30700 --- [app] [           main] DependencyInjectionTestExecutionListener : Performing dependency injection for test class es.udc.fic.xpn.app.dao.TestAlmacenDAO
2025-05-04T17:51:09.512+02:00 DEBUG 30700 --- [app] [           main] org.springframework.test.context.cache   : Spring test ApplicationContext cache statistics: [DefaultContextCache@798cf6d2 size = 1, maxSize = 32, parentContextCount = 0, hitCount = 18, missCount = 1, failureCount = 0]
2025-05-04T17:51:09.518+02:00 DEBUG 30700 --- [app] [           main] org.springframework.test.context.cache   : Spring test ApplicationContext cache statistics: [DefaultContextCache@798cf6d2 size = 1, maxSize = 32, parentContextCount = 0, hitCount = 19, missCount = 1, failureCount = 0]
2025-05-04T17:51:09.518+02:00 DEBUG 30700 --- [app] [           main] sContextBeforeModesTestExecutionListener : Before test method: class [TestAlmacenDAO], method [testFind_NonExistentAlmacen], class annotated with @DirtiesContext [false] with mode [null], method annotated with @DirtiesContext [false] with mode [null]
2025-05-04T17:51:09.518+02:00 DEBUG 30700 --- [app] [           main] org.springframework.test.context.cache   : Spring test ApplicationContext cache statistics: [DefaultContextCache@798cf6d2 size = 1, maxSize = 32, parentContextCount = 0, hitCount = 20, missCount = 1, failureCount = 0]
2025-05-04T17:51:09.518+02:00 DEBUG 30700 --- [app] [           main] org.springframework.test.context.cache   : Spring test ApplicationContext cache statistics: [DefaultContextCache@798cf6d2 size = 1, maxSize = 32, parentContextCount = 0, hitCount = 21, missCount = 1, failureCount = 0]
2025-05-04T17:51:09.518+02:00 DEBUG 30700 --- [app] [           main] org.springframework.test.context.cache   : Spring test ApplicationContext cache statistics: [DefaultContextCache@798cf6d2 size = 1, maxSize = 32, parentContextCount = 0, hitCount = 22, missCount = 1, failureCount = 0]
2025-05-04T17:51:09.518+02:00 DEBUG 30700 --- [app] [           main] org.springframework.test.context.cache   : Spring test ApplicationContext cache statistics: [DefaultContextCache@798cf6d2 size = 1, maxSize = 32, parentContextCount = 0, hitCount = 23, missCount = 1, failureCount = 0]
2025-05-04T17:51:09.533+02:00 DEBUG 30700 --- [app] [           main] o.s.jdbc.core.JdbcTemplate               : Executing prepared SQL query
2025-05-04T17:51:09.533+02:00 DEBUG 30700 --- [app] [           main] o.s.jdbc.core.JdbcTemplate               : Executing prepared SQL statement [SELECT id, nombre FROM almacen WHERE nombre = ?]
2025-05-04T17:51:09.537+02:00 DEBUG 30700 --- [app] [           main] o.s.jdbc.datasource.DataSourceUtils      : Fetching JDBC Connection from DataSource
2025-05-04T17:51:09.537+02:00 DEBUG 30700 --- [app] [           main] com.zaxxer.hikari.HikariConfig           : HikariPool-1 - configuration:
2025-05-04T17:51:09.545+02:00 DEBUG 30700 --- [app] [           main] com.zaxxer.hikari.HikariConfig           : allowPoolSuspension.............false
2025-05-04T17:51:09.548+02:00 DEBUG 30700 --- [app] [           main] com.zaxxer.hikari.HikariConfig           : autoCommit......................true
2025-05-04T17:51:09.548+02:00 DEBUG 30700 --- [app] [           main] com.zaxxer.hikari.HikariConfig           : catalog.........................none
2025-05-04T17:51:09.548+02:00 DEBUG 30700 --- [app] [           main] com.zaxxer.hikari.HikariConfig           : connectionInitSql...............none
2025-05-04T17:51:09.548+02:00 DEBUG 30700 --- [app] [           main] com.zaxxer.hikari.HikariConfig           : connectionTestQuery.............none
2025-05-04T17:51:09.548+02:00 DEBUG 30700 --- [app] [           main] com.zaxxer.hikari.HikariConfig           : connectionTimeout...............30000
2025-05-04T17:51:09.551+02:00 DEBUG 30700 --- [app] [           main] com.zaxxer.hikari.HikariConfig           : dataSource......................none
2025-05-04T17:51:09.551+02:00 DEBUG 30700 --- [app] [           main] com.zaxxer.hikari.HikariConfig           : dataSourceClassName.............none
2025-05-04T17:51:09.551+02:00 DEBUG 30700 --- [app] [           main] com.zaxxer.hikari.HikariConfig           : dataSourceJNDI..................none
2025-05-04T17:51:09.551+02:00 DEBUG 30700 --- [app] [           main] com.zaxxer.hikari.HikariConfig           : dataSourceProperties............{password=<masked>}
2025-05-04T17:51:09.551+02:00 DEBUG 30700 --- [app] [           main] com.zaxxer.hikari.HikariConfig           : driverClassName................."org.postgresql.Driver"
2025-05-04T17:51:09.551+02:00 DEBUG 30700 --- [app] [           main] com.zaxxer.hikari.HikariConfig           : exceptionOverrideClassName......none
2025-05-04T17:51:09.551+02:00 DEBUG 30700 --- [app] [           main] com.zaxxer.hikari.HikariConfig           : healthCheckProperties...........{}
2025-05-04T17:51:09.551+02:00 DEBUG 30700 --- [app] [           main] com.zaxxer.hikari.HikariConfig           : healthCheckRegistry.............none
2025-05-04T17:51:09.551+02:00 DEBUG 30700 --- [app] [           main] com.zaxxer.hikari.HikariConfig           : idleTimeout.....................600000
2025-05-04T17:51:09.551+02:00 DEBUG 30700 --- [app] [           main] com.zaxxer.hikari.HikariConfig           : initializationFailTimeout.......1
2025-05-04T17:51:09.551+02:00 DEBUG 30700 --- [app] [           main] com.zaxxer.hikari.HikariConfig           : isolateInternalQueries..........false
2025-05-04T17:51:09.551+02:00 DEBUG 30700 --- [app] [           main] com.zaxxer.hikari.HikariConfig           : jdbcUrl.........................jdbc:postgresql://localhost:5432/xpn
2025-05-04T17:51:09.551+02:00 DEBUG 30700 --- [app] [           main] com.zaxxer.hikari.HikariConfig           : keepaliveTime...................0
2025-05-04T17:51:09.551+02:00 DEBUG 30700 --- [app] [           main] com.zaxxer.hikari.HikariConfig           : leakDetectionThreshold..........0
2025-05-04T17:51:09.551+02:00 DEBUG 30700 --- [app] [           main] com.zaxxer.hikari.HikariConfig           : maxLifetime.....................1800000
2025-05-04T17:51:09.551+02:00 DEBUG 30700 --- [app] [           main] com.zaxxer.hikari.HikariConfig           : maximumPoolSize.................10
2025-05-04T17:51:09.551+02:00 DEBUG 30700 --- [app] [           main] com.zaxxer.hikari.HikariConfig           : metricRegistry..................none
2025-05-04T17:51:09.551+02:00 DEBUG 30700 --- [app] [           main] com.zaxxer.hikari.HikariConfig           : metricsTrackerFactory...........none
2025-05-04T17:51:09.551+02:00 DEBUG 30700 --- [app] [           main] com.zaxxer.hikari.HikariConfig           : minimumIdle.....................10
2025-05-04T17:51:09.551+02:00 DEBUG 30700 --- [app] [           main] com.zaxxer.hikari.HikariConfig           : password........................<masked>
2025-05-04T17:51:09.551+02:00 DEBUG 30700 --- [app] [           main] com.zaxxer.hikari.HikariConfig           : poolName........................"HikariPool-1"
2025-05-04T17:51:09.551+02:00 DEBUG 30700 --- [app] [           main] com.zaxxer.hikari.HikariConfig           : readOnly........................false
2025-05-04T17:51:09.551+02:00 DEBUG 30700 --- [app] [           main] com.zaxxer.hikari.HikariConfig           : registerMbeans..................false
2025-05-04T17:51:09.551+02:00 DEBUG 30700 --- [app] [           main] com.zaxxer.hikari.HikariConfig           : scheduledExecutor...............none
2025-05-04T17:51:09.551+02:00 DEBUG 30700 --- [app] [           main] com.zaxxer.hikari.HikariConfig           : schema..........................none
2025-05-04T17:51:09.551+02:00 DEBUG 30700 --- [app] [           main] com.zaxxer.hikari.HikariConfig           : threadFactory...................internal
2025-05-04T17:51:09.551+02:00 DEBUG 30700 --- [app] [           main] com.zaxxer.hikari.HikariConfig           : transactionIsolation............default
2025-05-04T17:51:09.551+02:00 DEBUG 30700 --- [app] [           main] com.zaxxer.hikari.HikariConfig           : username........................"xpn"
2025-05-04T17:51:09.551+02:00 DEBUG 30700 --- [app] [           main] com.zaxxer.hikari.HikariConfig           : validationTimeout...............5000
2025-05-04T17:51:09.551+02:00  INFO 30700 --- [app] [           main] com.zaxxer.hikari.HikariDataSource       : HikariPool-1 - Starting...
2025-05-04T17:51:09.591+02:00 DEBUG 30700 --- [app] [           main] org.postgresql.Driver                    : Loading driver configuration via classloader jdk.internal.loader.ClassLoaders$AppClassLoader@70dea4e
2025-05-04T17:51:09.593+02:00 DEBUG 30700 --- [app] [           main] org.postgresql.Driver                    : Connecting with URL: jdbc:postgresql://localhost:5432/xpn
2025-05-04T17:51:09.604+02:00 DEBUG 30700 --- [app] [           main] org.postgresql.jdbc.PgConnection         : PostgreSQL JDBC Driver 42.7.5
2025-05-04T17:51:09.604+02:00 DEBUG 30700 --- [app] [           main] org.postgresql.jdbc.PgConnection         :   setDefaultFetchSize = 0
2025-05-04T17:51:09.604+02:00 DEBUG 30700 --- [app] [           main] org.postgresql.jdbc.PgConnection         :   setPrepareThreshold = 5
2025-05-04T17:51:09.621+02:00 DEBUG 30700 --- [app] [           main] o.p.core.v3.ConnectionFactoryImpl        : Trying to establish a protocol version 3 connection to localhost:5432
2025-05-04T17:51:09.656+02:00 DEBUG 30700 --- [app] [           main] o.p.core.v3.ConnectionFactoryImpl        : Receive Buffer Size is 65.536
2025-05-04T17:51:09.656+02:00 DEBUG 30700 --- [app] [           main] o.p.core.v3.ConnectionFactoryImpl        : Send Buffer Size is 65.536
2025-05-04T17:51:10.020+02:00  INFO 30700 --- [app] [           main] com.zaxxer.hikari.pool.HikariPool        : HikariPool-1 - Added connection org.postgresql.jdbc.PgConnection@2419fe6f
2025-05-04T17:51:10.020+02:00  INFO 30700 --- [app] [           main] com.zaxxer.hikari.HikariDataSource       : HikariPool-1 - Start completed.
2025-05-04T17:51:10.045+02:00 DEBUG 30700 --- [app] [           main] org.springframework.test.context.cache   : Spring test ApplicationContext cache statistics: [DefaultContextCache@798cf6d2 size = 1, maxSize = 32, parentContextCount = 0, hitCount = 24, missCount = 1, failureCount = 0]
2025-05-04T17:51:10.047+02:00 DEBUG 30700 --- [app] [           main] org.springframework.test.context.cache   : Spring test ApplicationContext cache statistics: [DefaultContextCache@798cf6d2 size = 1, maxSize = 32, parentContextCount = 0, hitCount = 25, missCount = 1, failureCount = 0]
2025-05-04T17:51:10.047+02:00 DEBUG 30700 --- [app] [           main] org.springframework.test.context.cache   : Spring test ApplicationContext cache statistics: [DefaultContextCache@798cf6d2 size = 1, maxSize = 32, parentContextCount = 0, hitCount = 26, missCount = 1, failureCount = 0]
2025-05-04T17:51:10.047+02:00 DEBUG 30700 --- [app] [           main] org.springframework.test.context.cache   : Spring test ApplicationContext cache statistics: [DefaultContextCache@798cf6d2 size = 1, maxSize = 32, parentContextCount = 0, hitCount = 27, missCount = 1, failureCount = 0]
2025-05-04T17:51:10.047+02:00 DEBUG 30700 --- [app] [           main] org.springframework.test.context.cache   : Spring test ApplicationContext cache statistics: [DefaultContextCache@798cf6d2 size = 1, maxSize = 32, parentContextCount = 0, hitCount = 28, missCount = 1, failureCount = 0]
2025-05-04T17:51:10.047+02:00 DEBUG 30700 --- [app] [           main] org.springframework.test.context.cache   : Spring test ApplicationContext cache statistics: [DefaultContextCache@798cf6d2 size = 1, maxSize = 32, parentContextCount = 0, hitCount = 29, missCount = 1, failureCount = 0]
2025-05-04T17:51:10.049+02:00 DEBUG 30700 --- [app] [           main] org.springframework.test.context.cache   : Spring test ApplicationContext cache statistics: [DefaultContextCache@798cf6d2 size = 1, maxSize = 32, parentContextCount = 0, hitCount = 30, missCount = 1, failureCount = 0]
2025-05-04T17:51:10.049+02:00 DEBUG 30700 --- [app] [           main] .c.s.DirtiesContextTestExecutionListener : After test method: class [TestAlmacenDAO], method [testFind_NonExistentAlmacen], class annotated with @DirtiesContext [false] with mode [null], method annotated with @DirtiesContext [false] with mode [null]
2025-05-04T17:51:10.049+02:00 DEBUG 30700 --- [app] [           main] o.s.t.c.w.ServletTestExecutionListener   : Resetting RequestContextHolder for test class es.udc.fic.xpn.app.dao.TestAlmacenDAO
]]></system-out>
  </testcase>
  <testcase name="testFindById_NonExistentAlmacen" classname="es.udc.fic.xpn.app.dao.TestAlmacenDAO" time="0.009">
    <system-out><![CDATA[2025-05-04T17:51:10.051+02:00 DEBUG 30700 --- [app] [           main] org.springframework.test.context.cache   : Spring test ApplicationContext cache statistics: [DefaultContextCache@798cf6d2 size = 1, maxSize = 32, parentContextCount = 0, hitCount = 31, missCount = 1, failureCount = 0]
2025-05-04T17:51:10.051+02:00 DEBUG 30700 --- [app] [           main] o.s.t.c.w.ServletTestExecutionListener   : Setting up MockHttpServletRequest, MockHttpServletResponse, ServletWebRequest, and RequestContextHolder for test class es.udc.fic.xpn.app.dao.TestAlmacenDAO
2025-05-04T17:51:10.051+02:00 DEBUG 30700 --- [app] [           main] DependencyInjectionTestExecutionListener : Performing dependency injection for test class es.udc.fic.xpn.app.dao.TestAlmacenDAO
2025-05-04T17:51:10.051+02:00 DEBUG 30700 --- [app] [           main] org.springframework.test.context.cache   : Spring test ApplicationContext cache statistics: [DefaultContextCache@798cf6d2 size = 1, maxSize = 32, parentContextCount = 0, hitCount = 32, missCount = 1, failureCount = 0]
2025-05-04T17:51:10.053+02:00 DEBUG 30700 --- [app] [           main] org.springframework.test.context.cache   : Spring test ApplicationContext cache statistics: [DefaultContextCache@798cf6d2 size = 1, maxSize = 32, parentContextCount = 0, hitCount = 33, missCount = 1, failureCount = 0]
2025-05-04T17:51:10.054+02:00 DEBUG 30700 --- [app] [           main] sContextBeforeModesTestExecutionListener : Before test method: class [TestAlmacenDAO], method [testFindById_NonExistentAlmacen], class annotated with @DirtiesContext [false] with mode [null], method annotated with @DirtiesContext [false] with mode [null]
2025-05-04T17:51:10.054+02:00 DEBUG 30700 --- [app] [           main] org.springframework.test.context.cache   : Spring test ApplicationContext cache statistics: [DefaultContextCache@798cf6d2 size = 1, maxSize = 32, parentContextCount = 0, hitCount = 34, missCount = 1, failureCount = 0]
2025-05-04T17:51:10.054+02:00 DEBUG 30700 --- [app] [           main] org.springframework.test.context.cache   : Spring test ApplicationContext cache statistics: [DefaultContextCache@798cf6d2 size = 1, maxSize = 32, parentContextCount = 0, hitCount = 35, missCount = 1, failureCount = 0]
2025-05-04T17:51:10.056+02:00 DEBUG 30700 --- [app] [           main] org.springframework.test.context.cache   : Spring test ApplicationContext cache statistics: [DefaultContextCache@798cf6d2 size = 1, maxSize = 32, parentContextCount = 0, hitCount = 36, missCount = 1, failureCount = 0]
2025-05-04T17:51:10.058+02:00 DEBUG 30700 --- [app] [           main] org.springframework.test.context.cache   : Spring test ApplicationContext cache statistics: [DefaultContextCache@798cf6d2 size = 1, maxSize = 32, parentContextCount = 0, hitCount = 37, missCount = 1, failureCount = 0]
2025-05-04T17:51:10.058+02:00 DEBUG 30700 --- [app] [           main] o.s.jdbc.core.JdbcTemplate               : Executing prepared SQL query
2025-05-04T17:51:10.058+02:00 DEBUG 30700 --- [app] [           main] o.s.jdbc.core.JdbcTemplate               : Executing prepared SQL statement [SELECT id, nombre FROM almacen WHERE id = ?]
2025-05-04T17:51:10.058+02:00 DEBUG 30700 --- [app] [           main] o.s.jdbc.datasource.DataSourceUtils      : Fetching JDBC Connection from DataSource
2025-05-04T17:51:10.060+02:00 DEBUG 30700 --- [app] [           main] org.springframework.test.context.cache   : Spring test ApplicationContext cache statistics: [DefaultContextCache@798cf6d2 size = 1, maxSize = 32, parentContextCount = 0, hitCount = 38, missCount = 1, failureCount = 0]
2025-05-04T17:51:10.060+02:00 DEBUG 30700 --- [app] [           main] org.springframework.test.context.cache   : Spring test ApplicationContext cache statistics: [DefaultContextCache@798cf6d2 size = 1, maxSize = 32, parentContextCount = 0, hitCount = 39, missCount = 1, failureCount = 0]
2025-05-04T17:51:10.061+02:00 DEBUG 30700 --- [app] [           main] org.springframework.test.context.cache   : Spring test ApplicationContext cache statistics: [DefaultContextCache@798cf6d2 size = 1, maxSize = 32, parentContextCount = 0, hitCount = 40, missCount = 1, failureCount = 0]
2025-05-04T17:51:10.061+02:00 DEBUG 30700 --- [app] [           main] org.springframework.test.context.cache   : Spring test ApplicationContext cache statistics: [DefaultContextCache@798cf6d2 size = 1, maxSize = 32, parentContextCount = 0, hitCount = 41, missCount = 1, failureCount = 0]
2025-05-04T17:51:10.062+02:00 DEBUG 30700 --- [app] [           main] org.springframework.test.context.cache   : Spring test ApplicationContext cache statistics: [DefaultContextCache@798cf6d2 size = 1, maxSize = 32, parentContextCount = 0, hitCount = 42, missCount = 1, failureCount = 0]
2025-05-04T17:51:10.062+02:00 DEBUG 30700 --- [app] [           main] org.springframework.test.context.cache   : Spring test ApplicationContext cache statistics: [DefaultContextCache@798cf6d2 size = 1, maxSize = 32, parentContextCount = 0, hitCount = 43, missCount = 1, failureCount = 0]
2025-05-04T17:51:10.062+02:00 DEBUG 30700 --- [app] [           main] org.springframework.test.context.cache   : Spring test ApplicationContext cache statistics: [DefaultContextCache@798cf6d2 size = 1, maxSize = 32, parentContextCount = 0, hitCount = 44, missCount = 1, failureCount = 0]
2025-05-04T17:51:10.062+02:00 DEBUG 30700 --- [app] [           main] .c.s.DirtiesContextTestExecutionListener : After test method: class [TestAlmacenDAO], method [testFindById_NonExistentAlmacen], class annotated with @DirtiesContext [false] with mode [null], method annotated with @DirtiesContext [false] with mode [null]
2025-05-04T17:51:10.062+02:00 DEBUG 30700 --- [app] [           main] o.s.t.c.w.ServletTestExecutionListener   : Resetting RequestContextHolder for test class es.udc.fic.xpn.app.dao.TestAlmacenDAO
]]></system-out>
  </testcase>
  <testcase name="testDelete" classname="es.udc.fic.xpn.app.dao.TestAlmacenDAO" time="0.03">
    <system-out><![CDATA[2025-05-04T17:51:10.062+02:00 DEBUG 30700 --- [app] [           main] org.springframework.test.context.cache   : Spring test ApplicationContext cache statistics: [DefaultContextCache@798cf6d2 size = 1, maxSize = 32, parentContextCount = 0, hitCount = 45, missCount = 1, failureCount = 0]
2025-05-04T17:51:10.064+02:00 DEBUG 30700 --- [app] [           main] o.s.t.c.w.ServletTestExecutionListener   : Setting up MockHttpServletRequest, MockHttpServletResponse, ServletWebRequest, and RequestContextHolder for test class es.udc.fic.xpn.app.dao.TestAlmacenDAO
2025-05-04T17:51:10.064+02:00 DEBUG 30700 --- [app] [           main] DependencyInjectionTestExecutionListener : Performing dependency injection for test class es.udc.fic.xpn.app.dao.TestAlmacenDAO
2025-05-04T17:51:10.064+02:00 DEBUG 30700 --- [app] [           main] org.springframework.test.context.cache   : Spring test ApplicationContext cache statistics: [DefaultContextCache@798cf6d2 size = 1, maxSize = 32, parentContextCount = 0, hitCount = 46, missCount = 1, failureCount = 0]
2025-05-04T17:51:10.064+02:00 DEBUG 30700 --- [app] [           main] org.springframework.test.context.cache   : Spring test ApplicationContext cache statistics: [DefaultContextCache@798cf6d2 size = 1, maxSize = 32, parentContextCount = 0, hitCount = 47, missCount = 1, failureCount = 0]
2025-05-04T17:51:10.064+02:00 DEBUG 30700 --- [app] [           main] sContextBeforeModesTestExecutionListener : Before test method: class [TestAlmacenDAO], method [testDelete], class annotated with @DirtiesContext [false] with mode [null], method annotated with @DirtiesContext [false] with mode [null]
2025-05-04T17:51:10.066+02:00 DEBUG 30700 --- [app] [           main] org.springframework.test.context.cache   : Spring test ApplicationContext cache statistics: [DefaultContextCache@798cf6d2 size = 1, maxSize = 32, parentContextCount = 0, hitCount = 48, missCount = 1, failureCount = 0]
2025-05-04T17:51:10.066+02:00 DEBUG 30700 --- [app] [           main] org.springframework.test.context.cache   : Spring test ApplicationContext cache statistics: [DefaultContextCache@798cf6d2 size = 1, maxSize = 32, parentContextCount = 0, hitCount = 49, missCount = 1, failureCount = 0]
2025-05-04T17:51:10.066+02:00 DEBUG 30700 --- [app] [           main] org.springframework.test.context.cache   : Spring test ApplicationContext cache statistics: [DefaultContextCache@798cf6d2 size = 1, maxSize = 32, parentContextCount = 0, hitCount = 50, missCount = 1, failureCount = 0]
2025-05-04T17:51:10.066+02:00 DEBUG 30700 --- [app] [           main] org.springframework.test.context.cache   : Spring test ApplicationContext cache statistics: [DefaultContextCache@798cf6d2 size = 1, maxSize = 32, parentContextCount = 0, hitCount = 51, missCount = 1, failureCount = 0]
2025-05-04T17:51:10.072+02:00 DEBUG 30700 --- [app] [           main] o.s.jdbc.core.JdbcTemplate               : Executing SQL update and returning generated keys
2025-05-04T17:51:10.072+02:00 DEBUG 30700 --- [app] [           main] o.s.jdbc.core.JdbcTemplate               : Executing prepared SQL statement [INSERT INTO almacen (nombre) VALUES (?)]
2025-05-04T17:51:10.072+02:00 DEBUG 30700 --- [app] [           main] o.s.jdbc.datasource.DataSourceUtils      : Fetching JDBC Connection from DataSource
2025-05-04T17:51:10.090+02:00 DEBUG 30700 --- [app] [           main] o.s.jdbc.core.JdbcTemplate               : Executing prepared SQL update
2025-05-04T17:51:10.090+02:00 DEBUG 30700 --- [app] [           main] o.s.jdbc.core.JdbcTemplate               : Executing prepared SQL statement [DELETE FROM almacen WHERE id = ?]
2025-05-04T17:51:10.090+02:00 DEBUG 30700 --- [app] [           main] o.s.jdbc.datasource.DataSourceUtils      : Fetching JDBC Connection from DataSource
2025-05-04T17:51:10.094+02:00 DEBUG 30700 --- [app] [           main] o.s.jdbc.core.JdbcTemplate               : Executing prepared SQL query
2025-05-04T17:51:10.094+02:00 DEBUG 30700 --- [app] [           main] o.s.jdbc.core.JdbcTemplate               : Executing prepared SQL statement [SELECT id, nombre FROM almacen WHERE id = ?]
2025-05-04T17:51:10.094+02:00 DEBUG 30700 --- [app] [           main] o.s.jdbc.datasource.DataSourceUtils      : Fetching JDBC Connection from DataSource
2025-05-04T17:51:10.094+02:00 DEBUG 30700 --- [app] [           main] org.springframework.test.context.cache   : Spring test ApplicationContext cache statistics: [DefaultContextCache@798cf6d2 size = 1, maxSize = 32, parentContextCount = 0, hitCount = 52, missCount = 1, failureCount = 0]
2025-05-04T17:51:10.094+02:00 DEBUG 30700 --- [app] [           main] org.springframework.test.context.cache   : Spring test ApplicationContext cache statistics: [DefaultContextCache@798cf6d2 size = 1, maxSize = 32, parentContextCount = 0, hitCount = 53, missCount = 1, failureCount = 0]
2025-05-04T17:51:10.094+02:00 DEBUG 30700 --- [app] [           main] org.springframework.test.context.cache   : Spring test ApplicationContext cache statistics: [DefaultContextCache@798cf6d2 size = 1, maxSize = 32, parentContextCount = 0, hitCount = 54, missCount = 1, failureCount = 0]
2025-05-04T17:51:10.094+02:00 DEBUG 30700 --- [app] [           main] org.springframework.test.context.cache   : Spring test ApplicationContext cache statistics: [DefaultContextCache@798cf6d2 size = 1, maxSize = 32, parentContextCount = 0, hitCount = 55, missCount = 1, failureCount = 0]
2025-05-04T17:51:10.094+02:00 DEBUG 30700 --- [app] [           main] org.springframework.test.context.cache   : Spring test ApplicationContext cache statistics: [DefaultContextCache@798cf6d2 size = 1, maxSize = 32, parentContextCount = 0, hitCount = 56, missCount = 1, failureCount = 0]
2025-05-04T17:51:10.094+02:00 DEBUG 30700 --- [app] [           main] org.springframework.test.context.cache   : Spring test ApplicationContext cache statistics: [DefaultContextCache@798cf6d2 size = 1, maxSize = 32, parentContextCount = 0, hitCount = 57, missCount = 1, failureCount = 0]
2025-05-04T17:51:10.094+02:00 DEBUG 30700 --- [app] [           main] org.springframework.test.context.cache   : Spring test ApplicationContext cache statistics: [DefaultContextCache@798cf6d2 size = 1, maxSize = 32, parentContextCount = 0, hitCount = 58, missCount = 1, failureCount = 0]
2025-05-04T17:51:10.094+02:00 DEBUG 30700 --- [app] [           main] .c.s.DirtiesContextTestExecutionListener : After test method: class [TestAlmacenDAO], method [testDelete], class annotated with @DirtiesContext [false] with mode [null], method annotated with @DirtiesContext [false] with mode [null]
2025-05-04T17:51:10.094+02:00 DEBUG 30700 --- [app] [           main] o.s.t.c.w.ServletTestExecutionListener   : Resetting RequestContextHolder for test class es.udc.fic.xpn.app.dao.TestAlmacenDAO
]]></system-out>
  </testcase>
  <testcase name="testSave_And_FindById" classname="es.udc.fic.xpn.app.dao.TestAlmacenDAO" time="0.028">
    <system-out><![CDATA[2025-05-04T17:51:10.094+02:00 DEBUG 30700 --- [app] [           main] org.springframework.test.context.cache   : Spring test ApplicationContext cache statistics: [DefaultContextCache@798cf6d2 size = 1, maxSize = 32, parentContextCount = 0, hitCount = 59, missCount = 1, failureCount = 0]
2025-05-04T17:51:10.094+02:00 DEBUG 30700 --- [app] [           main] o.s.t.c.w.ServletTestExecutionListener   : Setting up MockHttpServletRequest, MockHttpServletResponse, ServletWebRequest, and RequestContextHolder for test class es.udc.fic.xpn.app.dao.TestAlmacenDAO
2025-05-04T17:51:10.094+02:00 DEBUG 30700 --- [app] [           main] DependencyInjectionTestExecutionListener : Performing dependency injection for test class es.udc.fic.xpn.app.dao.TestAlmacenDAO
2025-05-04T17:51:10.094+02:00 DEBUG 30700 --- [app] [           main] org.springframework.test.context.cache   : Spring test ApplicationContext cache statistics: [DefaultContextCache@798cf6d2 size = 1, maxSize = 32, parentContextCount = 0, hitCount = 60, missCount = 1, failureCount = 0]
2025-05-04T17:51:10.094+02:00 DEBUG 30700 --- [app] [           main] org.springframework.test.context.cache   : Spring test ApplicationContext cache statistics: [DefaultContextCache@798cf6d2 size = 1, maxSize = 32, parentContextCount = 0, hitCount = 61, missCount = 1, failureCount = 0]
2025-05-04T17:51:10.101+02:00 DEBUG 30700 --- [app] [           main] sContextBeforeModesTestExecutionListener : Before test method: class [TestAlmacenDAO], method [testSave_And_FindById], class annotated with @DirtiesContext [false] with mode [null], method annotated with @DirtiesContext [false] with mode [null]
2025-05-04T17:51:10.102+02:00 DEBUG 30700 --- [app] [           main] org.springframework.test.context.cache   : Spring test ApplicationContext cache statistics: [DefaultContextCache@798cf6d2 size = 1, maxSize = 32, parentContextCount = 0, hitCount = 62, missCount = 1, failureCount = 0]
2025-05-04T17:51:10.102+02:00 DEBUG 30700 --- [app] [           main] org.springframework.test.context.cache   : Spring test ApplicationContext cache statistics: [DefaultContextCache@798cf6d2 size = 1, maxSize = 32, parentContextCount = 0, hitCount = 63, missCount = 1, failureCount = 0]
2025-05-04T17:51:10.102+02:00 DEBUG 30700 --- [app] [           main] org.springframework.test.context.cache   : Spring test ApplicationContext cache statistics: [DefaultContextCache@798cf6d2 size = 1, maxSize = 32, parentContextCount = 0, hitCount = 64, missCount = 1, failureCount = 0]
2025-05-04T17:51:10.102+02:00 DEBUG 30700 --- [app] [           main] org.springframework.test.context.cache   : Spring test ApplicationContext cache statistics: [DefaultContextCache@798cf6d2 size = 1, maxSize = 32, parentContextCount = 0, hitCount = 65, missCount = 1, failureCount = 0]
2025-05-04T17:51:10.102+02:00 DEBUG 30700 --- [app] [           main] o.s.jdbc.core.JdbcTemplate               : Executing SQL update and returning generated keys
2025-05-04T17:51:10.102+02:00 DEBUG 30700 --- [app] [           main] o.s.jdbc.core.JdbcTemplate               : Executing prepared SQL statement [INSERT INTO almacen (nombre) VALUES (?)]
2025-05-04T17:51:10.102+02:00 DEBUG 30700 --- [app] [           main] o.s.jdbc.datasource.DataSourceUtils      : Fetching JDBC Connection from DataSource
2025-05-04T17:51:10.102+02:00 DEBUG 30700 --- [app] [           main] o.s.jdbc.core.JdbcTemplate               : Executing prepared SQL query
2025-05-04T17:51:10.110+02:00 DEBUG 30700 --- [app] [           main] o.s.jdbc.core.JdbcTemplate               : Executing prepared SQL statement [SELECT id, nombre FROM almacen WHERE id = ?]
2025-05-04T17:51:10.110+02:00 DEBUG 30700 --- [app] [           main] o.s.jdbc.datasource.DataSourceUtils      : Fetching JDBC Connection from DataSource
2025-05-04T17:51:10.118+02:00 DEBUG 30700 --- [app] [           main] o.s.jdbc.core.JdbcTemplate               : Executing prepared SQL update
2025-05-04T17:51:10.118+02:00 DEBUG 30700 --- [app] [           main] o.s.jdbc.core.JdbcTemplate               : Executing prepared SQL statement [DELETE FROM almacen WHERE id = ?]
2025-05-04T17:51:10.118+02:00 DEBUG 30700 --- [app] [           main] o.s.jdbc.datasource.DataSourceUtils      : Fetching JDBC Connection from DataSource
2025-05-04T17:51:10.118+02:00 DEBUG 30700 --- [app] [           main] org.springframework.test.context.cache   : Spring test ApplicationContext cache statistics: [DefaultContextCache@798cf6d2 size = 1, maxSize = 32, parentContextCount = 0, hitCount = 66, missCount = 1, failureCount = 0]
2025-05-04T17:51:10.118+02:00 DEBUG 30700 --- [app] [           main] org.springframework.test.context.cache   : Spring test ApplicationContext cache statistics: [DefaultContextCache@798cf6d2 size = 1, maxSize = 32, parentContextCount = 0, hitCount = 67, missCount = 1, failureCount = 0]
2025-05-04T17:51:10.118+02:00 DEBUG 30700 --- [app] [           main] org.springframework.test.context.cache   : Spring test ApplicationContext cache statistics: [DefaultContextCache@798cf6d2 size = 1, maxSize = 32, parentContextCount = 0, hitCount = 68, missCount = 1, failureCount = 0]
2025-05-04T17:51:10.118+02:00 DEBUG 30700 --- [app] [           main] org.springframework.test.context.cache   : Spring test ApplicationContext cache statistics: [DefaultContextCache@798cf6d2 size = 1, maxSize = 32, parentContextCount = 0, hitCount = 69, missCount = 1, failureCount = 0]
2025-05-04T17:51:10.118+02:00 DEBUG 30700 --- [app] [           main] org.springframework.test.context.cache   : Spring test ApplicationContext cache statistics: [DefaultContextCache@798cf6d2 size = 1, maxSize = 32, parentContextCount = 0, hitCount = 70, missCount = 1, failureCount = 0]
2025-05-04T17:51:10.118+02:00 DEBUG 30700 --- [app] [           main] org.springframework.test.context.cache   : Spring test ApplicationContext cache statistics: [DefaultContextCache@798cf6d2 size = 1, maxSize = 32, parentContextCount = 0, hitCount = 71, missCount = 1, failureCount = 0]
2025-05-04T17:51:10.122+02:00 DEBUG 30700 --- [app] [           main] org.springframework.test.context.cache   : Spring test ApplicationContext cache statistics: [DefaultContextCache@798cf6d2 size = 1, maxSize = 32, parentContextCount = 0, hitCount = 72, missCount = 1, failureCount = 0]
2025-05-04T17:51:10.122+02:00 DEBUG 30700 --- [app] [           main] .c.s.DirtiesContextTestExecutionListener : After test method: class [TestAlmacenDAO], method [testSave_And_FindById], class annotated with @DirtiesContext [false] with mode [null], method annotated with @DirtiesContext [false] with mode [null]
2025-05-04T17:51:10.122+02:00 DEBUG 30700 --- [app] [           main] o.s.t.c.w.ServletTestExecutionListener   : Resetting RequestContextHolder for test class es.udc.fic.xpn.app.dao.TestAlmacenDAO
]]></system-out>
  </testcase>
</testsuite>